[info] {ts: '2025-09-30T01:43:45.206Z', message: '🔄 AFTER SETCOORDS', meta: {…}}
logger.ts:55 [warn] {ts: '2025-09-30T01:43:45.207Z', message: '⚠️ POSITION JUMP DETECTED', meta: {…}}
overrideMethod @ hook.js:608
warn @ logger.ts:55
(anonymous) @ FabricMapCanvas.tsx:1923
(anonymous) @ FabricMapCanvas.tsx:1787
(anonymous) @ FabricMapCanvas.tsx:2081
react_stack_bottom_frame @ react-dom-client.development.js:23953
runWithFiberInDEV @ react-dom-client.development.js:1518
commitHookEffectListMount @ react-dom-client.development.js:11886
commitHookPassiveMountEffects @ react-dom-client.development.js:12024
commitPassiveMountOnFiber @ react-dom-client.development.js:13840
recursivelyTraversePassiveMountEffects @ react-dom-client.development.js:13813
commitPassiveMountOnFiber @ react-dom-client.development.js:13957
recursivelyTraversePassiveMountEffects @ react-dom-client.development.js:13813
commitPassiveMountOnFiber @ react-dom-client.development.js:13957
recursivelyTraversePassiveMountEffects @ react-dom-client.development.js:13813
commitPassiveMountOnFiber @ react-dom-client.development.js:13957
recursivelyTraversePassiveMountEffects @ react-dom-client.development.js:13813
commitPassiveMountOnFiber @ react-dom-client.development.js:13834
recursivelyTraversePassiveMountEffects @ react-dom-client.development.js:13813
commitPassiveMountOnFiber @ react-dom-client.development.js:13957
recursivelyTraversePassiveMountEffects @ react-dom-client.development.js:13813
commitPassiveMountOnFiber @ react-dom-client.development.js:13834
recursivelyTraversePassiveMountEffects @ react-dom-client.development.js:13813
commitPassiveMountOnFiber @ react-dom-client.development.js:13957
recursivelyTraversePassiveMountEffects @ react-dom-client.development.js:13813
commitPassiveMountOnFiber @ react-dom-client.development.js:13834
recursivelyTraversePassiveMountEffects @ react-dom-client.development.js:13813
commitPassiveMountOnFiber @ react-dom-client.development.js:13957
recursivelyTraversePassiveMountEffects @ react-dom-client.development.js:13813
commitPassiveMountOnFiber @ react-dom-client.development.js:13834
recursivelyTraversePassiveMountEffects @ react-dom-client.development.js:13813
commitPassiveMountOnFiber @ react-dom-client.development.js:13834
recursivelyTraversePassiveMountEffects @ react-dom-client.development.js:13813
commitPassiveMountOnFiber @ react-dom-client.development.js:13834
recursivelyTraversePassiveMountEffects @ react-dom-client.development.js:13813
commitPassiveMountOnFiber @ react-dom-client.development.js:13957
recursivelyTraversePassiveMountEffects @ react-dom-client.development.js:13813
commitPassiveMountOnFiber @ react-dom-client.development.js:13834
recursivelyTraversePassiveMountEffects @ react-dom-client.development.js:13813
commitPassiveMountOnFiber @ react-dom-client.development.js:13957
recursivelyTraversePassiveMountEffects @ react-dom-client.development.js:13813
commitPassiveMountOnFiber @ react-dom-client.development.js:13957
recursivelyTraversePassiveMountEffects @ react-dom-client.development.js:13813
commitPassiveMountOnFiber @ react-dom-client.development.js:13957
recursivelyTraversePassiveMountEffects @ react-dom-client.development.js:13813
commitPassiveMountOnFiber @ react-dom-client.development.js:13834
recursivelyTraversePassiveMountEffects @ react-dom-client.development.js:13813
commitPassiveMountOnFiber @ react-dom-client.development.js:13957
recursivelyTraversePassiveMountEffects @ react-dom-client.development.js:13813
commitPassiveMountOnFiber @ react-dom-client.development.js:13957
recursivelyTraversePassiveMountEffects @ react-dom-client.development.js:13813
commitPassiveMountOnFiber @ react-dom-client.development.js:13834
recursivelyTraversePassiveMountEffects @ react-dom-client.development.js:13813
commitPassiveMountOnFiber @ react-dom-client.development.js:13957
recursivelyTraversePassiveMountEffects @ react-dom-client.development.js:13813
commitPassiveMountOnFiber @ react-dom-client.development.js:13957
recursivelyTraversePassiveMountEffects @ react-dom-client.development.js:13813
commitPassiveMountOnFiber @ react-dom-client.development.js:13834
recursivelyTraversePassiveMountEffects @ react-dom-client.development.js:13813
commitPassiveMountOnFiber @ react-dom-client.development.js:13834
recursivelyTraversePassiveMountEffects @ react-dom-client.development.js:13813
commitPassiveMountOnFiber @ react-dom-client.development.js:13834
recursivelyTraversePassiveMountEffects @ react-dom-client.development.js:13813
commitPassiveMountOnFiber @ react-dom-client.development.js:13957
recursivelyTraversePassiveMountEffects @ react-dom-client.development.js:13813
commitPassiveMountOnFiber @ react-dom-client.development.js:13834
recursivelyTraversePassiveMountEffects @ react-dom-client.development.js:13813
commitPassiveMountOnFiber @ react-dom-client.development.js:13957
recursivelyTraversePassiveMountEffects @ react-dom-client.development.js:13813
commitPassiveMountOnFiber @ react-dom-client.development.js:13834
recursivelyTraversePassiveMountEffects @ react-dom-client.development.js:13813
commitPassiveMountOnFiber @ react-dom-client.development.js:13834
recursivelyTraversePassiveMountEffects @ react-dom-client.development.js:13813
commitPassiveMountOnFiber @ react-dom-client.development.js:13957
recursivelyTraversePassiveMountEffects @ react-dom-client.development.js:13813
commitPassiveMountOnFiber @ react-dom-client.development.js:13957
recursivelyTraversePassiveMountEffects @ react-dom-client.development.js:13813
commitPassiveMountOnFiber @ react-dom-client.development.js:13834
recursivelyTraversePassiveMountEffects @ react-dom-client.development.js:13813
commitPassiveMountOnFiber @ react-dom-client.development.js:13834
recursivelyTraversePassiveMountEffects @ react-dom-client.development.js:13813
commitPassiveMountOnFiber @ react-dom-client.development.js:13957
recursivelyTraversePassiveMountEffects @ react-dom-client.development.js:13813
commitPassiveMountOnFiber @ react-dom-client.development.js:13834
recursivelyTraversePassiveMountEffects @ react-dom-client.development.js:13813
commitPassiveMountOnFiber @ react-dom-client.development.js:13957
recursivelyTraversePassiveMountEffects @ react-dom-client.development.js:13813
commitPassiveMountOnFiber @ react-dom-client.development.js:13853
flushPassiveEffects @ react-dom-client.development.js:15737
flushPendingEffects @ react-dom-client.development.js:15702
flushSpawnedWork @ react-dom-client.development.js:15668
commitRoot @ react-dom-client.development.js:15403
commitRootWhenReady @ react-dom-client.development.js:14652
performWorkOnRoot @ react-dom-client.development.js:14575
performSyncWorkOnRoot @ react-dom-client.development.js:16231
flushSyncWorkAcrossRoots_impl @ react-dom-client.development.js:16068
processRootScheduleInMicrotask @ react-dom-client.development.js:16116
(anonymous) @ react-dom-client.development.js:16245Understand this warning
FabricMapCanvas.tsx:1933 ⚠️ POSITION JUMP DETECTED - Polygon: impassable-polygon-1759174368390
overrideMethod @ hook.js:608
(anonymous) @ FabricMapCanvas.tsx:1933
(anonymous) @ FabricMapCanvas.tsx:1787
(anonymous) @ FabricMapCanvas.tsx:2081
react_stack_bottom_frame @ react-dom-client.development.js:23953
runWithFiberInDEV @ react-dom-client.development.js:1518
commitHookEffectListMount @ react-dom-client.development.js:11886
commitHookPassiveMountEffects @ react-dom-client.development.js:12024
commitPassiveMountOnFiber @ react-dom-client.development.js:13840
recursivelyTraversePassiveMountEffects @ react-dom-client.development.js:13813
commitPassiveMountOnFiber @ react-dom-client.development.js:13957
recursivelyTraversePassiveMountEffects @ react-dom-client.development.js:13813
commitPassiveMountOnFiber @ react-dom-client.development.js:13957
recursivelyTraversePassiveMountEffects @ react-dom-client.development.js:13813
commitPassiveMountOnFiber @ react-dom-client.development.js:13957
recursivelyTraversePassiveMountEffects @ react-dom-client.development.js:13813
commitPassiveMountOnFiber @ react-dom-client.development.js:13834
recursivelyTraversePassiveMountEffects @ react-dom-client.development.js:13813
commitPassiveMountOnFiber @ react-dom-client.development.js:13957
recursivelyTraversePassiveMountEffects @ react-dom-client.development.js:13813
commitPassiveMountOnFiber @ react-dom-client.development.js:13834
recursivelyTraversePassiveMountEffects @ react-dom-client.development.js:13813
commitPassiveMountOnFiber @ react-dom-client.development.js:13957
recursivelyTraversePassiveMountEffects @ react-dom-client.development.js:13813
commitPassiveMountOnFiber @ react-dom-client.development.js:13834
recursivelyTraversePassiveMountEffects @ react-dom-client.development.js:13813
commitPassiveMountOnFiber @ react-dom-client.development.js:13957
recursivelyTraversePassiveMountEffects @ react-dom-client.development.js:13813
commitPassiveMountOnFiber @ react-dom-client.development.js:13834
recursivelyTraversePassiveMountEffects @ react-dom-client.development.js:13813
commitPassiveMountOnFiber @ react-dom-client.development.js:13834
recursivelyTraversePassiveMountEffects @ react-dom-client.development.js:13813
commitPassiveMountOnFiber @ react-dom-client.development.js:13834
recursivelyTraversePassiveMountEffects @ react-dom-client.development.js:13813
commitPassiveMountOnFiber @ react-dom-client.development.js:13957
recursivelyTraversePassiveMountEffects @ react-dom-client.development.js:13813
commitPassiveMountOnFiber @ react-dom-client.development.js:13834
recursivelyTraversePassiveMountEffects @ react-dom-client.development.js:13813
commitPassiveMountOnFiber @ react-dom-client.development.js:13957
recursivelyTraversePassiveMountEffects @ react-dom-client.development.js:13813
commitPassiveMountOnFiber @ react-dom-client.development.js:13957
recursivelyTraversePassiveMountEffects @ react-dom-client.development.js:13813
commitPassiveMountOnFiber @ react-dom-client.development.js:13957
recursivelyTraversePassiveMountEffects @ react-dom-client.development.js:13813
commitPassiveMountOnFiber @ react-dom-client.development.js:13834
recursivelyTraversePassiveMountEffects @ react-dom-client.development.js:13813
commitPassiveMountOnFiber @ react-dom-client.development.js:13957
recursivelyTraversePassiveMountEffects @ react-dom-client.development.js:13813
commitPassiveMountOnFiber @ react-dom-client.development.js:13957
recursivelyTraversePassiveMountEffects @ react-dom-client.development.js:13813
commitPassiveMountOnFiber @ react-dom-client.development.js:13834
recursivelyTraversePassiveMountEffects @ react-dom-client.development.js:13813
commitPassiveMountOnFiber @ react-dom-client.development.js:13957
recursivelyTraversePassiveMountEffects @ react-dom-client.development.js:13813
commitPassiveMountOnFiber @ react-dom-client.development.js:13957
recursivelyTraversePassiveMountEffects @ react-dom-client.development.js:13813
commitPassiveMountOnFiber @ react-dom-client.development.js:13834
recursivelyTraversePassiveMountEffects @ react-dom-client.development.js:13813
commitPassiveMountOnFiber @ react-dom-client.development.js:13834
recursivelyTraversePassiveMountEffects @ react-dom-client.development.js:13813
commitPassiveMountOnFiber @ react-dom-client.development.js:13834
recursivelyTraversePassiveMountEffects @ react-dom-client.development.js:13813
commitPassiveMountOnFiber @ react-dom-client.development.js:13957
recursivelyTraversePassiveMountEffects @ react-dom-client.development.js:13813
commitPassiveMountOnFiber @ react-dom-client.development.js:13834
recursivelyTraversePassiveMountEffects @ react-dom-client.development.js:13813
commitPassiveMountOnFiber @ react-dom-client.development.js:13957
recursivelyTraversePassiveMountEffects @ react-dom-client.development.js:13813
commitPassiveMountOnFiber @ react-dom-client.development.js:13834
recursivelyTraversePassiveMountEffects @ react-dom-client.development.js:13813
commitPassiveMountOnFiber @ react-dom-client.development.js:13834
recursivelyTraversePassiveMountEffects @ react-dom-client.development.js:13813
commitPassiveMountOnFiber @ react-dom-client.development.js:13957
recursivelyTraversePassiveMountEffects @ react-dom-client.development.js:13813
commitPassiveMountOnFiber @ react-dom-client.development.js:13957
recursivelyTraversePassiveMountEffects @ react-dom-client.development.js:13813
commitPassiveMountOnFiber @ react-dom-client.development.js:13834
recursivelyTraversePassiveMountEffects @ react-dom-client.development.js:13813
commitPassiveMountOnFiber @ react-dom-client.development.js:13834
recursivelyTraversePassiveMountEffects @ react-dom-client.development.js:13813
commitPassiveMountOnFiber @ react-dom-client.development.js:13957
recursivelyTraversePassiveMountEffects @ react-dom-client.development.js:13813
commitPassiveMountOnFiber @ react-dom-client.development.js:13834
recursivelyTraversePassiveMountEffects @ react-dom-client.development.js:13813
commitPassiveMountOnFiber @ react-dom-client.development.js:13957
recursivelyTraversePassiveMountEffects @ react-dom-client.development.js:13813
commitPassiveMountOnFiber @ react-dom-client.development.js:13853
flushPassiveEffects @ react-dom-client.development.js:15737
flushPendingEffects @ react-dom-client.development.js:15702
flushSpawnedWork @ react-dom-client.development.js:15668
commitRoot @ react-dom-client.development.js:15403
commitRootWhenReady @ react-dom-client.development.js:14652
performWorkOnRoot @ react-dom-client.development.js:14575
performSyncWorkOnRoot @ react-dom-client.development.js:16231
flushSyncWorkAcrossRoots_impl @ react-dom-client.development.js:16068
processRootScheduleInMicrotask @ react-dom-client.development.js:16116
(anonymous) @ react-dom-client.development.js:16245Understand this warning
FabricMapCanvas.tsx:1934   BEFORE: left=192, top=320
overrideMethod @ hook.js:608
(anonymous) @ FabricMapCanvas.tsx:1934
(anonymous) @ FabricMapCanvas.tsx:1787
(anonymous) @ FabricMapCanvas.tsx:2081
react_stack_bottom_frame @ react-dom-client.development.js:23953
runWithFiberInDEV @ react-dom-client.development.js:1518
commitHookEffectListMount @ react-dom-client.development.js:11886
commitHookPassiveMountEffects @ react-dom-client.development.js:12024
commitPassiveMountOnFiber @ react-dom-client.development.js:13840
recursivelyTraversePassiveMountEffects @ react-dom-client.development.js:13813
commitPassiveMountOnFiber @ react-dom-client.development.js:13957
recursivelyTraversePassiveMountEffects @ react-dom-client.development.js:13813
commitPassiveMountOnFiber @ react-dom-client.development.js:13957
recursivelyTraversePassiveMountEffects @ react-dom-client.development.js:13813
commitPassiveMountOnFiber @ react-dom-client.development.js:13957
recursivelyTraversePassiveMountEffects @ react-dom-client.development.js:13813
commitPassiveMountOnFiber @ react-dom-client.development.js:13834
recursivelyTraversePassiveMountEffects @ react-dom-client.development.js:13813
commitPassiveMountOnFiber @ react-dom-client.development.js:13957
recursivelyTraversePassiveMountEffects @ react-dom-client.development.js:13813
commitPassiveMountOnFiber @ react-dom-client.development.js:13834
recursivelyTraversePassiveMountEffects @ react-dom-client.development.js:13813
commitPassiveMountOnFiber @ react-dom-client.development.js:13957
recursivelyTraversePassiveMountEffects @ react-dom-client.development.js:13813
commitPassiveMountOnFiber @ react-dom-client.development.js:13834
recursivelyTraversePassiveMountEffects @ react-dom-client.development.js:13813
commitPassiveMountOnFiber @ react-dom-client.development.js:13957
recursivelyTraversePassiveMountEffects @ react-dom-client.development.js:13813
commitPassiveMountOnFiber @ react-dom-client.development.js:13834
recursivelyTraversePassiveMountEffects @ react-dom-client.development.js:13813
commitPassiveMountOnFiber @ react-dom-client.development.js:13834
recursivelyTraversePassiveMountEffects @ react-dom-client.development.js:13813
commitPassiveMountOnFiber @ react-dom-client.development.js:13834
recursivelyTraversePassiveMountEffects @ react-dom-client.development.js:13813
commitPassiveMountOnFiber @ react-dom-client.development.js:13957
recursivelyTraversePassiveMountEffects @ react-dom-client.development.js:13813
commitPassiveMountOnFiber @ react-dom-client.development.js:13834
recursivelyTraversePassiveMountEffects @ react-dom-client.development.js:13813
commitPassiveMountOnFiber @ react-dom-client.development.js:13957
recursivelyTraversePassiveMountEffects @ react-dom-client.development.js:13813
commitPassiveMountOnFiber @ react-dom-client.development.js:13957
recursivelyTraversePassiveMountEffects @ react-dom-client.development.js:13813
commitPassiveMountOnFiber @ react-dom-client.development.js:13957
recursivelyTraversePassiveMountEffects @ react-dom-client.development.js:13813
commitPassiveMountOnFiber @ react-dom-client.development.js:13834
recursivelyTraversePassiveMountEffects @ react-dom-client.development.js:13813
commitPassiveMountOnFiber @ react-dom-client.development.js:13957
recursivelyTraversePassiveMountEffects @ react-dom-client.development.js:13813
commitPassiveMountOnFiber @ react-dom-client.development.js:13957
recursivelyTraversePassiveMountEffects @ react-dom-client.development.js:13813
commitPassiveMountOnFiber @ react-dom-client.development.js:13834
recursivelyTraversePassiveMountEffects @ react-dom-client.development.js:13813
commitPassiveMountOnFiber @ react-dom-client.development.js:13957
recursivelyTraversePassiveMountEffects @ react-dom-client.development.js:13813
commitPassiveMountOnFiber @ react-dom-client.development.js:13957
recursivelyTraversePassiveMountEffects @ react-dom-client.development.js:13813
commitPassiveMountOnFiber @ react-dom-client.development.js:13834
recursivelyTraversePassiveMountEffects @ react-dom-client.development.js:13813
commitPassiveMountOnFiber @ react-dom-client.development.js:13834
recursivelyTraversePassiveMountEffects @ react-dom-client.development.js:13813
commitPassiveMountOnFiber @ react-dom-client.development.js:13834
recursivelyTraversePassiveMountEffects @ react-dom-client.development.js:13813
commitPassiveMountOnFiber @ react-dom-client.development.js:13957
recursivelyTraversePassiveMountEffects @ react-dom-client.development.js:13813
commitPassiveMountOnFiber @ react-dom-client.development.js:13834
recursivelyTraversePassiveMountEffects @ react-dom-client.development.js:13813
commitPassiveMountOnFiber @ react-dom-client.development.js:13957
recursivelyTraversePassiveMountEffects @ react-dom-client.development.js:13813
commitPassiveMountOnFiber @ react-dom-client.development.js:13834
recursivelyTraversePassiveMountEffects @ react-dom-client.development.js:13813
commitPassiveMountOnFiber @ react-dom-client.development.js:13834
recursivelyTraversePassiveMountEffects @ react-dom-client.development.js:13813
commitPassiveMountOnFiber @ react-dom-client.development.js:13957
recursivelyTraversePassiveMountEffects @ react-dom-client.development.js:13813
commitPassiveMountOnFiber @ react-dom-client.development.js:13957
recursivelyTraversePassiveMountEffects @ react-dom-client.development.js:13813
commitPassiveMountOnFiber @ react-dom-client.development.js:13834
recursivelyTraversePassiveMountEffects @ react-dom-client.development.js:13813
commitPassiveMountOnFiber @ react-dom-client.development.js:13834
recursivelyTraversePassiveMountEffects @ react-dom-client.development.js:13813
commitPassiveMountOnFiber @ react-dom-client.development.js:13957
recursivelyTraversePassiveMountEffects @ react-dom-client.development.js:13813
commitPassiveMountOnFiber @ react-dom-client.development.js:13834
recursivelyTraversePassiveMountEffects @ react-dom-client.development.js:13813
commitPassiveMountOnFiber @ react-dom-client.development.js:13957
recursivelyTraversePassiveMountEffects @ react-dom-client.development.js:13813
commitPassiveMountOnFiber @ react-dom-client.development.js:13853
flushPassiveEffects @ react-dom-client.development.js:15737
flushPendingEffects @ react-dom-client.development.js:15702
flushSpawnedWork @ react-dom-client.development.js:15668
commitRoot @ react-dom-client.development.js:15403
commitRootWhenReady @ react-dom-client.development.js:14652
performWorkOnRoot @ react-dom-client.development.js:14575
performSyncWorkOnRoot @ react-dom-client.development.js:16231
flushSyncWorkAcrossRoots_impl @ react-dom-client.development.js:16068
processRootScheduleInMicrotask @ react-dom-client.development.js:16116
(anonymous) @ react-dom-client.development.js:16245Understand this warning
FabricMapCanvas.tsx:1935   AFTER:  left=334, top=415
overrideMethod @ hook.js:608
(anonymous) @ FabricMapCanvas.tsx:1935
(anonymous) @ FabricMapCanvas.tsx:1787
(anonymous) @ FabricMapCanvas.tsx:2081
react_stack_bottom_frame @ react-dom-client.development.js:23953
runWithFiberInDEV @ react-dom-client.development.js:1518
commitHookEffectListMount @ react-dom-client.development.js:11886
commitHookPassiveMountEffects @ react-dom-client.development.js:12024
commitPassiveMountOnFiber @ react-dom-client.development.js:13840
recursivelyTraversePassiveMountEffects @ react-dom-client.development.js:13813
commitPassiveMountOnFiber @ react-dom-client.development.js:13957
recursivelyTraversePassiveMountEffects @ react-dom-client.development.js:13813
commitPassiveMountOnFiber @ react-dom-client.development.js:13957
recursivelyTraversePassiveMountEffects @ react-dom-client.development.js:13813
commitPassiveMountOnFiber @ react-dom-client.development.js:13957
recursivelyTraversePassiveMountEffects @ react-dom-client.development.js:13813
commitPassiveMountOnFiber @ react-dom-client.development.js:13834
recursivelyTraversePassiveMountEffects @ react-dom-client.development.js:13813
commitPassiveMountOnFiber @ react-dom-client.development.js:13957
recursivelyTraversePassiveMountEffects @ react-dom-client.development.js:13813
commitPassiveMountOnFiber @ react-dom-client.development.js:13834
recursivelyTraversePassiveMountEffects @ react-dom-client.development.js:13813
commitPassiveMountOnFiber @ react-dom-client.development.js:13957
recursivelyTraversePassiveMountEffects @ react-dom-client.development.js:13813
commitPassiveMountOnFiber @ react-dom-client.development.js:13834
recursivelyTraversePassiveMountEffects @ react-dom-client.development.js:13813
commitPassiveMountOnFiber @ react-dom-client.development.js:13957
recursivelyTraversePassiveMountEffects @ react-dom-client.development.js:13813
commitPassiveMountOnFiber @ react-dom-client.development.js:13834
recursivelyTraversePassiveMountEffects @ react-dom-client.development.js:13813
commitPassiveMountOnFiber @ react-dom-client.development.js:13834
recursivelyTraversePassiveMountEffects @ react-dom-client.development.js:13813
commitPassiveMountOnFiber @ react-dom-client.development.js:13834
recursivelyTraversePassiveMountEffects @ react-dom-client.development.js:13813
commitPassiveMountOnFiber @ react-dom-client.development.js:13957
recursivelyTraversePassiveMountEffects @ react-dom-client.development.js:13813
commitPassiveMountOnFiber @ react-dom-client.development.js:13834
recursivelyTraversePassiveMountEffects @ react-dom-client.development.js:13813
commitPassiveMountOnFiber @ react-dom-client.development.js:13957
recursivelyTraversePassiveMountEffects @ react-dom-client.development.js:13813
commitPassiveMountOnFiber @ react-dom-client.development.js:13957
recursivelyTraversePassiveMountEffects @ react-dom-client.development.js:13813
commitPassiveMountOnFiber @ react-dom-client.development.js:13957
recursivelyTraversePassiveMountEffects @ react-dom-client.development.js:13813
commitPassiveMountOnFiber @ react-dom-client.development.js:13834
recursivelyTraversePassiveMountEffects @ react-dom-client.development.js:13813
commitPassiveMountOnFiber @ react-dom-client.development.js:13957
recursivelyTraversePassiveMountEffects @ react-dom-client.development.js:13813
commitPassiveMountOnFiber @ react-dom-client.development.js:13957
recursivelyTraversePassiveMountEffects @ react-dom-client.development.js:13813
commitPassiveMountOnFiber @ react-dom-client.development.js:13834
recursivelyTraversePassiveMountEffects @ react-dom-client.development.js:13813
commitPassiveMountOnFiber @ react-dom-client.development.js:13957
recursivelyTraversePassiveMountEffects @ react-dom-client.development.js:13813
commitPassiveMountOnFiber @ react-dom-client.development.js:13957
recursivelyTraversePassiveMountEffects @ react-dom-client.development.js:13813
commitPassiveMountOnFiber @ react-dom-client.development.js:13834
recursivelyTraversePassiveMountEffects @ react-dom-client.development.js:13813
commitPassiveMountOnFiber @ react-dom-client.development.js:13834
recursivelyTraversePassiveMountEffects @ react-dom-client.development.js:13813
commitPassiveMountOnFiber @ react-dom-client.development.js:13834
recursivelyTraversePassiveMountEffects @ react-dom-client.development.js:13813
commitPassiveMountOnFiber @ react-dom-client.development.js:13957
recursivelyTraversePassiveMountEffects @ react-dom-client.development.js:13813
commitPassiveMountOnFiber @ react-dom-client.development.js:13834
recursivelyTraversePassiveMountEffects @ react-dom-client.development.js:13813
commitPassiveMountOnFiber @ react-dom-client.development.js:13957
recursivelyTraversePassiveMountEffects @ react-dom-client.development.js:13813
commitPassiveMountOnFiber @ react-dom-client.development.js:13834
recursivelyTraversePassiveMountEffects @ react-dom-client.development.js:13813
commitPassiveMountOnFiber @ react-dom-client.development.js:13834
recursivelyTraversePassiveMountEffects @ react-dom-client.development.js:13813
commitPassiveMountOnFiber @ react-dom-client.development.js:13957
recursivelyTraversePassiveMountEffects @ react-dom-client.development.js:13813
commitPassiveMountOnFiber @ react-dom-client.development.js:13957
recursivelyTraversePassiveMountEffects @ react-dom-client.development.js:13813
commitPassiveMountOnFiber @ react-dom-client.development.js:13834
recursivelyTraversePassiveMountEffects @ react-dom-client.development.js:13813
commitPassiveMountOnFiber @ react-dom-client.development.js:13834
recursivelyTraversePassiveMountEffects @ react-dom-client.development.js:13813
commitPassiveMountOnFiber @ react-dom-client.development.js:13957
recursivelyTraversePassiveMountEffects @ react-dom-client.development.js:13813
commitPassiveMountOnFiber @ react-dom-client.development.js:13834
recursivelyTraversePassiveMountEffects @ react-dom-client.development.js:13813
commitPassiveMountOnFiber @ react-dom-client.development.js:13957
recursivelyTraversePassiveMountEffects @ react-dom-client.development.js:13813
commitPassiveMountOnFiber @ react-dom-client.development.js:13853
flushPassiveEffects @ react-dom-client.development.js:15737
flushPendingEffects @ react-dom-client.development.js:15702
flushSpawnedWork @ react-dom-client.development.js:15668
commitRoot @ react-dom-client.development.js:15403
commitRootWhenReady @ react-dom-client.development.js:14652
performWorkOnRoot @ react-dom-client.development.js:14575
performSyncWorkOnRoot @ react-dom-client.development.js:16231
flushSyncWorkAcrossRoots_impl @ react-dom-client.development.js:16068
processRootScheduleInMicrotask @ react-dom-client.development.js:16116
(anonymous) @ react-dom-client.development.js:16245Understand this warning
FabricMapCanvas.tsx:1936   DRIFT:  Δleft=142.00, Δtop=95.00
overrideMethod @ hook.js:608
(anonymous) @ FabricMapCanvas.tsx:1936
(anonymous) @ FabricMapCanvas.tsx:1787
(anonymous) @ FabricMapCanvas.tsx:2081
react_stack_bottom_frame @ react-dom-client.development.js:23953
runWithFiberInDEV @ react-dom-client.development.js:1518
commitHookEffectListMount @ react-dom-client.development.js:11886
commitHookPassiveMountEffects @ react-dom-client.development.js:12024
commitPassiveMountOnFiber @ react-dom-client.development.js:13840
recursivelyTraversePassiveMountEffects @ react-dom-client.development.js:13813
commitPassiveMountOnFiber @ react-dom-client.development.js:13957
recursivelyTraversePassiveMountEffects @ react-dom-client.development.js:13813
commitPassiveMountOnFiber @ react-dom-client.development.js:13957
recursivelyTraversePassiveMountEffects @ react-dom-client.development.js:13813
commitPassiveMountOnFiber @ react-dom-client.development.js:13957
recursivelyTraversePassiveMountEffects @ react-dom-client.development.js:13813
commitPassiveMountOnFiber @ react-dom-client.development.js:13834
recursivelyTraversePassiveMountEffects @ react-dom-client.development.js:13813
commitPassiveMountOnFiber @ react-dom-client.development.js:13957
recursivelyTraversePassiveMountEffects @ react-dom-client.development.js:13813
commitPassiveMountOnFiber @ react-dom-client.development.js:13834
recursivelyTraversePassiveMountEffects @ react-dom-client.development.js:13813
commitPassiveMountOnFiber @ react-dom-client.development.js:13957
recursivelyTraversePassiveMountEffects @ react-dom-client.development.js:13813
commitPassiveMountOnFiber @ react-dom-client.development.js:13834
recursivelyTraversePassiveMountEffects @ react-dom-client.development.js:13813
commitPassiveMountOnFiber @ react-dom-client.development.js:13957
recursivelyTraversePassiveMountEffects @ react-dom-client.development.js:13813
commitPassiveMountOnFiber @ react-dom-client.development.js:13834
recursivelyTraversePassiveMountEffects @ react-dom-client.development.js:13813
commitPassiveMountOnFiber @ react-dom-client.development.js:13834
recursivelyTraversePassiveMountEffects @ react-dom-client.development.js:13813
commitPassiveMountOnFiber @ react-dom-client.development.js:13834
recursivelyTraversePassiveMountEffects @ react-dom-client.development.js:13813
commitPassiveMountOnFiber @ react-dom-client.development.js:13957
recursivelyTraversePassiveMountEffects @ react-dom-client.development.js:13813
commitPassiveMountOnFiber @ react-dom-client.development.js:13834
recursivelyTraversePassiveMountEffects @ react-dom-client.development.js:13813
commitPassiveMountOnFiber @ react-dom-client.development.js:13957
recursivelyTraversePassiveMountEffects @ react-dom-client.development.js:13813
commitPassiveMountOnFiber @ react-dom-client.development.js:13957
recursivelyTraversePassiveMountEffects @ react-dom-client.development.js:13813
commitPassiveMountOnFiber @ react-dom-client.development.js:13957
recursivelyTraversePassiveMountEffects @ react-dom-client.development.js:13813
commitPassiveMountOnFiber @ react-dom-client.development.js:13834
recursivelyTraversePassiveMountEffects @ react-dom-client.development.js:13813
commitPassiveMountOnFiber @ react-dom-client.development.js:13957
recursivelyTraversePassiveMountEffects @ react-dom-client.development.js:13813
commitPassiveMountOnFiber @ react-dom-client.development.js:13957
recursivelyTraversePassiveMountEffects @ react-dom-client.development.js:13813
commitPassiveMountOnFiber @ react-dom-client.development.js:13834
recursivelyTraversePassiveMountEffects @ react-dom-client.development.js:13813
commitPassiveMountOnFiber @ react-dom-client.development.js:13957
recursivelyTraversePassiveMountEffects @ react-dom-client.development.js:13813
commitPassiveMountOnFiber @ react-dom-client.development.js:13957
recursivelyTraversePassiveMountEffects @ react-dom-client.development.js:13813
commitPassiveMountOnFiber @ react-dom-client.development.js:13834
recursivelyTraversePassiveMountEffects @ react-dom-client.development.js:13813
commitPassiveMountOnFiber @ react-dom-client.development.js:13834
recursivelyTraversePassiveMountEffects @ react-dom-client.development.js:13813
commitPassiveMountOnFiber @ react-dom-client.development.js:13834
recursivelyTraversePassiveMountEffects @ react-dom-client.development.js:13813
commitPassiveMountOnFiber @ react-dom-client.development.js:13957
recursivelyTraversePassiveMountEffects @ react-dom-client.development.js:13813
commitPassiveMountOnFiber @ react-dom-client.development.js:13834
recursivelyTraversePassiveMountEffects @ react-dom-client.development.js:13813
commitPassiveMountOnFiber @ react-dom-client.development.js:13957
recursivelyTraversePassiveMountEffects @ react-dom-client.development.js:13813
commitPassiveMountOnFiber @ react-dom-client.development.js:13834
recursivelyTraversePassiveMountEffects @ react-dom-client.development.js:13813
commitPassiveMountOnFiber @ react-dom-client.development.js:13834
recursivelyTraversePassiveMountEffects @ react-dom-client.development.js:13813
commitPassiveMountOnFiber @ react-dom-client.development.js:13957
recursivelyTraversePassiveMountEffects @ react-dom-client.development.js:13813
commitPassiveMountOnFiber @ react-dom-client.development.js:13957
recursivelyTraversePassiveMountEffects @ react-dom-client.development.js:13813
commitPassiveMountOnFiber @ react-dom-client.development.js:13834
recursivelyTraversePassiveMountEffects @ react-dom-client.development.js:13813
commitPassiveMountOnFiber @ react-dom-client.development.js:13834
recursivelyTraversePassiveMountEffects @ react-dom-client.development.js:13813
commitPassiveMountOnFiber @ react-dom-client.development.js:13957
recursivelyTraversePassiveMountEffects @ react-dom-client.development.js:13813
commitPassiveMountOnFiber @ react-dom-client.development.js:13834
recursivelyTraversePassiveMountEffects @ react-dom-client.development.js:13813
commitPassiveMountOnFiber @ react-dom-client.development.js:13957
recursivelyTraversePassiveMountEffects @ react-dom-client.development.js:13813
commitPassiveMountOnFiber @ react-dom-client.development.js:13853
flushPassiveEffects @ react-dom-client.development.js:15737
flushPendingEffects @ react-dom-client.development.js:15702
flushSpawnedWork @ react-dom-client.development.js:15668
commitRoot @ react-dom-client.development.js:15403
commitRootWhenReady @ react-dom-client.development.js:14652
performWorkOnRoot @ react-dom-client.development.js:14575
performSyncWorkOnRoot @ react-dom-client.development.js:16231
flushSyncWorkAcrossRoots_impl @ react-dom-client.development.js:16068
processRootScheduleInMicrotask @ react-dom-client.development.js:16116
(anonymous) @ react-dom-client.development.js:16245Understand this warning
FabricMapCanvas.tsx:1937   This polygon was NOT the one being dragged - it jumped during smart update!
overrideMethod @ hook.js:608
(anonymous) @ FabricMapCanvas.tsx:1937
(anonymous) @ FabricMapCanvas.tsx:1787
(anonymous) @ FabricMapCanvas.tsx:2081
react_stack_bottom_frame @ react-dom-client.development.js:23953
runWithFiberInDEV @ react-dom-client.development.js:1518
commitHookEffectListMount @ react-dom-client.development.js:11886
commitHookPassiveMountEffects @ react-dom-client.development.js:12024
commitPassiveMountOnFiber @ react-dom-client.development.js:13840
recursivelyTraversePassiveMountEffects @ react-dom-client.development.js:13813
commitPassiveMountOnFiber @ react-dom-client.development.js:13957
recursivelyTraversePassiveMountEffects @ react-dom-client.development.js:13813
commitPassiveMountOnFiber @ react-dom-client.development.js:13957
recursivelyTraversePassiveMountEffects @ react-dom-client.development.js:13813
commitPassiveMountOnFiber @ react-dom-client.development.js:13957
recursivelyTraversePassiveMountEffects @ react-dom-client.development.js:13813
commitPassiveMountOnFiber @ react-dom-client.development.js:13834
recursivelyTraversePassiveMountEffects @ react-dom-client.development.js:13813
commitPassiveMountOnFiber @ react-dom-client.development.js:13957
recursivelyTraversePassiveMountEffects @ react-dom-client.development.js:13813
commitPassiveMountOnFiber @ react-dom-client.development.js:13834
recursivelyTraversePassiveMountEffects @ react-dom-client.development.js:13813
commitPassiveMountOnFiber @ react-dom-client.development.js:13957
recursivelyTraversePassiveMountEffects @ react-dom-client.development.js:13813
commitPassiveMountOnFiber @ react-dom-client.development.js:13834
recursivelyTraversePassiveMountEffects @ react-dom-client.development.js:13813
commitPassiveMountOnFiber @ react-dom-client.development.js:13957
recursivelyTraversePassiveMountEffects @ react-dom-client.development.js:13813
commitPassiveMountOnFiber @ react-dom-client.development.js:13834
recursivelyTraversePassiveMountEffects @ react-dom-client.development.js:13813
commitPassiveMountOnFiber @ react-dom-client.development.js:13834
recursivelyTraversePassiveMountEffects @ react-dom-client.development.js:13813
commitPassiveMountOnFiber @ react-dom-client.development.js:13834
recursivelyTraversePassiveMountEffects @ react-dom-client.development.js:13813
commitPassiveMountOnFiber @ react-dom-client.development.js:13957
recursivelyTraversePassiveMountEffects @ react-dom-client.development.js:13813
commitPassiveMountOnFiber @ react-dom-client.development.js:13834
recursivelyTraversePassiveMountEffects @ react-dom-client.development.js:13813
commitPassiveMountOnFiber @ react-dom-client.development.js:13957
recursivelyTraversePassiveMountEffects @ react-dom-client.development.js:13813
commitPassiveMountOnFiber @ react-dom-client.development.js:13957
recursivelyTraversePassiveMountEffects @ react-dom-client.development.js:13813
commitPassiveMountOnFiber @ react-dom-client.development.js:13957
recursivelyTraversePassiveMountEffects @ react-dom-client.development.js:13813
commitPassiveMountOnFiber @ react-dom-client.development.js:13834
recursivelyTraversePassiveMountEffects @ react-dom-client.development.js:13813
commitPassiveMountOnFiber @ react-dom-client.development.js:13957
recursivelyTraversePassiveMountEffects @ react-dom-client.development.js:13813
commitPassiveMountOnFiber @ react-dom-client.development.js:13957
recursivelyTraversePassiveMountEffects @ react-dom-client.development.js:13813
commitPassiveMountOnFiber @ react-dom-client.development.js:13834
recursivelyTraversePassiveMountEffects @ react-dom-client.development.js:13813
commitPassiveMountOnFiber @ react-dom-client.development.js:13957
recursivelyTraversePassiveMountEffects @ react-dom-client.development.js:13813
commitPassiveMountOnFiber @ react-dom-client.development.js:13957
recursivelyTraversePassiveMountEffects @ react-dom-client.development.js:13813
commitPassiveMountOnFiber @ react-dom-client.development.js:13834
recursivelyTraversePassiveMountEffects @ react-dom-client.development.js:13813
commitPassiveMountOnFiber @ react-dom-client.development.js:13834
recursivelyTraversePassiveMountEffects @ react-dom-client.development.js:13813
commitPassiveMountOnFiber @ react-dom-client.development.js:13834
recursivelyTraversePassiveMountEffects @ react-dom-client.development.js:13813
commitPassiveMountOnFiber @ react-dom-client.development.js:13957
recursivelyTraversePassiveMountEffects @ react-dom-client.development.js:13813
commitPassiveMountOnFiber @ react-dom-client.development.js:13834
recursivelyTraversePassiveMountEffects @ react-dom-client.development.js:13813
commitPassiveMountOnFiber @ react-dom-client.development.js:13957
recursivelyTraversePassiveMountEffects @ react-dom-client.development.js:13813
commitPassiveMountOnFiber @ react-dom-client.development.js:13834
recursivelyTraversePassiveMountEffects @ react-dom-client.development.js:13813
commitPassiveMountOnFiber @ react-dom-client.development.js:13834
recursivelyTraversePassiveMountEffects @ react-dom-client.development.js:13813
commitPassiveMountOnFiber @ react-dom-client.development.js:13957
recursivelyTraversePassiveMountEffects @ react-dom-client.development.js:13813
commitPassiveMountOnFiber @ react-dom-client.development.js:13957
recursivelyTraversePassiveMountEffects @ react-dom-client.development.js:13813
commitPassiveMountOnFiber @ react-dom-client.development.js:13834
recursivelyTraversePassiveMountEffects @ react-dom-client.development.js:13813
commitPassiveMountOnFiber @ react-dom-client.development.js:13834
recursivelyTraversePassiveMountEffects @ react-dom-client.development.js:13813
commitPassiveMountOnFiber @ react-dom-client.development.js:13957
recursivelyTraversePassiveMountEffects @ react-dom-client.development.js:13813
commitPassiveMountOnFiber @ react-dom-client.development.js:13834
recursivelyTraversePassiveMountEffects @ react-dom-client.development.js:13813
commitPassiveMountOnFiber @ react-dom-client.development.js:13957
recursivelyTraversePassiveMountEffects @ react-dom-client.development.js:13813
commitPassiveMountOnFiber @ react-dom-client.development.js:13853
flushPassiveEffects @ react-dom-client.development.js:15737
flushPendingEffects @ react-dom-client.development.js:15702
flushSpawnedWork @ react-dom-client.development.js:15668
commitRoot @ react-dom-client.development.js:15403
commitRootWhenReady @ react-dom-client.development.js:14652
performWorkOnRoot @ react-dom-client.development.js:14575
performSyncWorkOnRoot @ react-dom-client.development.js:16231
flushSyncWorkAcrossRoots_impl @ react-dom-client.development.js:16068
processRootScheduleInMicrotask @ react-dom-client.development.js:16116
(anonymous) @ react-dom-client.development.js:16245Understand this warning
logger.ts:49 [info] {ts: '2025-09-30T01:43:45.238Z', message: '✅ SMART UPDATE COMPLETE', meta: {…}}message: "✅ SMART UPDATE COMPLETE"meta: id: "impassable-polygon-1759174368390"[[Prototype]]: Objectts: "2025-09-30T01:43:45.238Z"[[Prototype]]: Object
logger.ts:49 [info] {ts: '2025-09-30T01:43:45.239Z', message: '🎨 PROCESSING POLYGON AREA', meta: {…}}message: "🎨 PROCESSING POLYGON AREA"meta: hasExisting: truehasPoints: trueid: "impassable-polygon-1759174482660"name: "Impassable Polygon 1"pointsCount: 7[[Prototype]]: Objectts: "2025-09-30T01:43:45.239Z"[[Prototype]]: Object
logger.ts:49 [info] {ts: '2025-09-30T01:43:45.239Z', message: '⚡ BEFORE SMART UPDATE', meta: {…}}message: "⚡ BEFORE SMART UPDATE"meta: id: "impassable-polygon-1759174482660"position: {left: 1233, top: 305, scaleX: 1, scaleY: 1, angle: 0}timestamp: "2025-09-30T01:43:45.239Z"[[Prototype]]: Objectts: "2025-09-30T01:43:45.239Z"[[Prototype]]: Object
logger.ts:49 [info] {ts: '2025-09-30T01:43:45.240Z', message: '🔄 SMART UPDATE START', meta: {…}}message: "🔄 SMART UPDATE START"meta: absolutePointsCount: 7existingLeft: 1233existingTop: 305firstAbsolutePoint: {x: 1233, y: 305}id: "impassable-polygon-1759174482660"[[Prototype]]: Objectts: "2025-09-30T01:43:45.240Z"[[Prototype]]: Object
logger.ts:49 [info] {ts: '2025-09-30T01:43:45.241Z', message: '🔄 COORDINATE CONVERSION', meta: {…}}message: "🔄 COORDINATE CONVERSION"meta: firstRelativePoint: {x: 0, y: 0}id: "impassable-polygon-1759174482660"lastRelativePoint: {x: 128, y: 32}minX: 1233minY: 305[[Prototype]]: Objectts: "2025-09-30T01:43:45.241Z"[[Prototype]]: Object
logger.ts:49 [info] {ts: '2025-09-30T01:43:45.242Z', message: '⚡ AFTER SET', meta: {…}}message: "⚡ AFTER SET"meta: duration: 3id: "impassable-polygon-1759174482660"position: {left: 1233, top: 305, scaleX: 1, scaleY: 1}timestamp: "2025-09-30T01:43:45.242Z"[[Prototype]]: Objectts: "2025-09-30T01:43:45.242Z"[[Prototype]]: Object
logger.ts:49 [info] {ts: '2025-09-30T01:43:45.242Z', message: '🔄 AFTER SET', meta: {…}}message: "🔄 AFTER SET"meta: id: "impassable-polygon-1759174482660"left: 1233scaleX: 1scaleY: 1top: 305[[Prototype]]: Objectts: "2025-09-30T01:43:45.242Z"[[Prototype]]: Object
logger.ts:49 [info] {ts: '2025-09-30T01:43:45.243Z', message: '⚡ AFTER SETCOORDS', meta: {…}}message: "⚡ AFTER SETCOORDS"meta: duration: 1id: "impassable-polygon-1759174482660"position: {left: 1233, top: 305}timestamp: "2025-09-30T01:43:45.243Z"[[Prototype]]: Objectts: "2025-09-30T01:43:45.243Z"[[Prototype]]: Object
logger.ts:49 [info] {ts: '2025-09-30T01:43:45.244Z', message: '🔄 AFTER SETCOORDS', meta: {…}}message: "🔄 AFTER SETCOORDS"meta: aCoords: {tl: ot, br: ot}id: "impassable-polygon-1759174482660"left: 1233top: 305[[Prototype]]: Objectts: "2025-09-30T01:43:45.244Z"[[Prototype]]: Object
logger.ts:49 [info] {ts: '2025-09-30T01:43:45.245Z', message: '✅ SMART UPDATE COMPLETE', meta: {…}}message: "✅ SMART UPDATE COMPLETE"meta: id: "impassable-polygon-1759174482660"[[Prototype]]: Objectts: "2025-09-30T01:43:45.245Z"[[Prototype]]: Object
logger.ts:49 [info] {ts: '2025-09-30T01:43:45.245Z', message: '🎨 PROCESSING POLYGON AREA', meta: {…}}message: "🎨 PROCESSING POLYGON AREA"meta: hasExisting: truehasPoints: trueid: "impassable-polygon-1759193248194"name: "Impassable Polygon 1"pointsCount: 7[[Prototype]]: Objectts: "2025-09-30T01:43:45.245Z"[[Prototype]]: Object
logger.ts:49 [info] {ts: '2025-09-30T01:43:45.246Z', message: '⚡ BEFORE SMART UPDATE', meta: {…}}message: "⚡ BEFORE SMART UPDATE"meta: id: "impassable-polygon-1759193248194"position: {left: 673, top: 241, scaleX: 1, scaleY: 1, angle: 0}timestamp: "2025-09-30T01:43:45.246Z"[[Prototype]]: Objectts: "2025-09-30T01:43:45.246Z"[[Prototype]]: Object
logger.ts:49 [info] {ts: '2025-09-30T01:43:45.247Z', message: '🔄 SMART UPDATE START', meta: {…}}message: "🔄 SMART UPDATE START"meta: absolutePointsCount: 7existingLeft: 673existingTop: 241firstAbsolutePoint: {x: 801, y: 273}id: "impassable-polygon-1759193248194"[[Prototype]]: Objectts: "2025-09-30T01:43:45.247Z"[[Prototype]]: Object
logger.ts:49 [info] {ts: '2025-09-30T01:43:45.247Z', message: '🔄 COORDINATE CONVERSION', meta: {…}}message: "🔄 COORDINATE CONVERSION"meta: firstRelativePoint: {x: 128, y: 32}id: "impassable-polygon-1759193248194"lastRelativePoint: {x: 96, y: 0}minX: 673minY: 241[[Prototype]]: Objectts: "2025-09-30T01:43:45.247Z"[[Prototype]]: Object
logger.ts:49 [info] {ts: '2025-09-30T01:43:45.248Z', message: '⚡ AFTER SET', meta: {…}}message: "⚡ AFTER SET"meta: duration: 2id: "impassable-polygon-1759193248194"position: {left: 673, top: 241, scaleX: 1, scaleY: 1}timestamp: "2025-09-30T01:43:45.248Z"[[Prototype]]: Objectts: "2025-09-30T01:43:45.248Z"[[Prototype]]: Object
logger.ts:49 [info] {ts: '2025-09-30T01:43:45.248Z', message: '🔄 AFTER SET', meta: {…}}message: "🔄 AFTER SET"meta: id: "impassable-polygon-1759193248194"left: 673scaleX: 1scaleY: 1top: 241[[Prototype]]: Objectts: "2025-09-30T01:43:45.248Z"[[Prototype]]: Object
logger.ts:49 [info] {ts: '2025-09-30T01:43:45.249Z', message: '⚡ AFTER SETCOORDS', meta: {…}}message: "⚡ AFTER SETCOORDS"meta: duration: 1id: "impassable-polygon-1759193248194"position: {left: 673, top: 241}timestamp: "2025-09-30T01:43:45.249Z"[[Prototype]]: Objectts: "2025-09-30T01:43:45.249Z"[[Prototype]]: Object
logger.ts:49 [info] {ts: '2025-09-30T01:43:45.250Z', message: '🔄 AFTER SETCOORDS', meta: {…}}message: "🔄 AFTER SETCOORDS"meta: aCoords: {tl: ot, br: ot}id: "impassable-polygon-1759193248194"left: 673top: 241[[Prototype]]: Objectts: "2025-09-30T01:43:45.250Z"[[Prototype]]: Object
logger.ts:49 [info] {ts: '2025-09-30T01:43:45.251Z', message: '✅ SMART UPDATE COMPLETE', meta: {…}}message: "✅ SMART UPDATE COMPLETE"meta: id: "impassable-polygon-1759193248194"[[Prototype]]: Objectts: "2025-09-30T01:43:45.251Z"[[Prototype]]: Object
logger.ts:49 [info] {ts: '2025-09-30T01:43:45.251Z', message: '🎨 PROCESSING POLYGON AREA', meta: {…}}message: "🎨 PROCESSING POLYGON AREA"meta: hasExisting: truehasPoints: trueid: "impassable-polygon-1759193261529"name: "Impassable Polygon 2"pointsCount: 7[[Prototype]]: Objectts: "2025-09-30T01:43:45.251Z"[[Prototype]]: Object
logger.ts:49 [info] {ts: '2025-09-30T01:43:45.252Z', message: '⚡ BEFORE SMART UPDATE', meta: {…}}message: "⚡ BEFORE SMART UPDATE"meta: {id: 'impassable-polygon-1759193261529', position: {…}, timestamp: '2025-09-30T01:43:45.252Z'}ts: "2025-09-30T01:43:45.252Z"[[Prototype]]: Object
logger.ts:49 [info] {ts: '2025-09-30T01:43:45.253Z', message: '🔄 SMART UPDATE START', meta: {…}}message: "🔄 SMART UPDATE START"meta: absolutePointsCount: 7existingLeft: 640existingTop: 320firstAbsolutePoint: {x: 992, y: 384}id: "impassable-polygon-1759193261529"[[Prototype]]: Objectts: "2025-09-30T01:43:45.253Z"[[Prototype]]: Object
logger.ts:49 [info] {ts: '2025-09-30T01:43:45.253Z', message: '🔄 COORDINATE CONVERSION', meta: {…}}message: "🔄 COORDINATE CONVERSION"meta: firstRelativePoint: {x: 352, y: 64}id: "impassable-polygon-1759193261529"lastRelativePoint: {x: 0, y: 192}minX: 640minY: 320[[Prototype]]: Objectts: "2025-09-30T01:43:45.253Z"[[Prototype]]: Object
logger.ts:49 [info] {ts: '2025-09-30T01:43:45.254Z', message: '⚡ AFTER SET', meta: {…}}message: "⚡ AFTER SET"meta: duration: 2id: "impassable-polygon-1759193261529"position: {left: 640, top: 320, scaleX: 1, scaleY: 1}timestamp: "2025-09-30T01:43:45.254Z"[[Prototype]]: Objectts: "2025-09-30T01:43:45.254Z"[[Prototype]]: Object
logger.ts:49 [info] {ts: '2025-09-30T01:43:45.254Z', message: '🔄 AFTER SET', meta: {…}}message: "🔄 AFTER SET"meta: id: "impassable-polygon-1759193261529"left: 640scaleX: 1scaleY: 1top: 320[[Prototype]]: Objectts: "2025-09-30T01:43:45.254Z"[[Prototype]]: Object
logger.ts:49 [info] {ts: '2025-09-30T01:43:45.255Z', message: '⚡ AFTER SETCOORDS', meta: {…}}message: "⚡ AFTER SETCOORDS"meta: duration: 1id: "impassable-polygon-1759193261529"position: {left: 640, top: 320}timestamp: "2025-09-30T01:43:45.255Z"[[Prototype]]: Objectts: "2025-09-30T01:43:45.255Z"[[Prototype]]: Object
logger.ts:49 [info] {ts: '2025-09-30T01:43:45.256Z', message: '🔄 AFTER SETCOORDS', meta: {…}}message: "🔄 AFTER SETCOORDS"meta: aCoords: {tl: ot, br: ot}id: "impassable-polygon-1759193261529"left: 640top: 320[[Prototype]]: Objectts: "2025-09-30T01:43:45.256Z"[[Prototype]]: Object
logger.ts:49 [info] {ts: '2025-09-30T01:43:45.257Z', message: '✅ SMART UPDATE COMPLETE', meta: {…}}message: "✅ SMART UPDATE COMPLETE"meta: id: "impassable-polygon-1759193261529"[[Prototype]]: Objectts: "2025-09-30T01:43:45.257Z"[[Prototype]]: Object
logger.ts:49 [info] {ts: '2025-09-30T01:43:45.258Z', message: '✅ Polygon updated', meta: {…}}message: "✅ Polygon updated"meta: id: "impassable-polygon-1759174368390"pointCount: 8[[Prototype]]: Objectts: "2025-09-30T01:43:45.258Z"[[Prototype]]: Object
hook.js:608 Warning: [antd: compatible] antd v5 support React is 16 ~ 18. see https://u.ant.design/v5-for-19 for compatible.
overrideMethod @ hook.js:608
warning @ warning.js:30
call @ warning.js:51
warningOnce @ warning.js:58
_warning @ warning.js:12
defaultReactRender @ UnstableContext.js:13
showWaveEffect @ WaveEffect.js:137
(anonymous) @ useWave.js:23
(anonymous) @ useEvent.js:10
(anonymous) @ useWave.js:36
callRef @ raf.js:30
(anonymous) @ raf.js:34
requestAnimationFrame
raf @ raf.js:9
callRef @ raf.js:33
wrapperRaf @ raf.js:41
showDebounceWave @ useWave.js:35
onClick @ index.js:38

Understand this error